<?xml version="1.0" encoding="UTF-8"?>
<!-- Generated by org.testng.reporters.JUnitReportReporter -->
<testsuite hostname="RLP1610" failures="0" tests="2" name="com.abp.selenium.test.RegisterTest" time="7.007" errors="0" timestamp="2024-02-10T15:28:38 IST" skipped="0">
  <testcase classname="com.abp.selenium.test.RegisterTest" name="loadHomePage" time="5.909"/>
  <system-out/>
  <testcase classname="com.abp.selenium.test.RegisterTest" name="registerDetails" time="1.098"/>
  <system-out/>
</testsuite> <!-- com.abp.selenium.test.RegisterTest -->
